Using pre-set license
Built from '2020.3/staging' branch; Version is '2020.3.3f1 (76626098c1c4) revision 7758432'; Using compiler version '192528614'; Build Type 'Release'
OS: 'Windows 10 Pro; OS build 19042.928; Version 2009; 64bit' Language: 'en' Physical Memory: 14284 MB
BatchMode: 1, IsHumanControllingUs: 0, StartBugReporterOnCrash: 0, Is64bit: 1, IsPro: 0

 COMMAND LINE ARGUMENTS:
C:\Program Files\Unity\Hub\Editor\2020.3.3f1\Editor\Unity.exe
-adb2
-batchMode
-noUpm
-name
AssetImportWorker0
-projectPath
D:/Project lab/Maple Story/New Unity Project
-logFile
Logs/AssetImportWorker0.log
-srvPort
56286
Successfully changed project path to: D:/Project lab/Maple Story/New Unity Project
D:/Project lab/Maple Story/New Unity Project
Using Asset Import Pipeline V2.
Refreshing native plugins compatible for Editor in 40.79 ms, found 1 plugins.
Preloading 0 native plugins for Editor in 0.00 ms.
Initialize engine version: 2020.3.3f1 (76626098c1c4)
[Subsystems] Discovering subsystems at path C:/Program Files/Unity/Hub/Editor/2020.3.3f1/Editor/Data/Resources/UnitySubsystems
[Subsystems] Discovering subsystems at path D:/Project lab/Maple Story/New Unity Project/Assets
GfxDevice: creating device client; threaded=0
Direct3D:
    Version:  Direct3D 11.0 [level 11.1]
    Renderer: AMD Radeon(TM) Vega 8 Graphics (ID=0x15d8)
    Vendor:   
    VRAM:     7142 MB
    Driver:   27.20.14501.18003
Initialize mono
Mono path[0] = 'C:/Program Files/Unity/Hub/Editor/2020.3.3f1/Editor/Data/Managed'
Mono path[1] = 'C:/Program Files/Unity/Hub/Editor/2020.3.3f1/Editor/Data/MonoBleedingEdge/lib/mono/unityjit'
Mono config path = 'C:/Program Files/Unity/Hub/Editor/2020.3.3f1/Editor/Data/MonoBleedingEdge/etc'
Using monoOptions --debugger-agent=transport=dt_socket,embedding=1,server=y,suspend=n,address=127.0.0.1:56208
Begin MonoManager ReloadAssembly
Registering precompiled unity dll's ...
Register platform support module: C:/Program Files/Unity/Hub/Editor/2020.3.3f1/Editor/Data/PlaybackEngines/WindowsStandaloneSupport/UnityEditor.WindowsStandalone.Extensions.dll
Registered in 0.002697 seconds.
Native extension for WindowsStandalone target not found
Refreshing native plugins compatible for Editor in 42.63 ms, found 1 plugins.
Preloading 0 native plugins for Editor in 0.00 ms.
Invoked RoslynAnalysisRunner static constructor.
RoslynAnalysisRunner will not be running.
RoslynAnalysisRunner has terminated.
Mono: successfully reloaded assembly
- Completed reload, in  1.354 seconds
Platform modules already initialized, skipping
Registering precompiled user dll's ...
Registered in 0.000818 seconds.
Begin MonoManager ReloadAssembly
Native extension for WindowsStandalone target not found
Refreshing native plugins compatible for Editor in 42.24 ms, found 1 plugins.
Preloading 0 native plugins for Editor in 0.00 ms.
Invoked RoslynAnalysisRunner static constructor.
RoslynAnalysisRunner will not be running.
RoslynAnalysisRunner has terminated.
Mono: successfully reloaded assembly
- Completed reload, in  1.164 seconds
Platform modules already initialized, skipping
========================================================================
Worker process is ready to serve import requests
Launched and connected shader compiler UnityShaderCompiler.exe after 0.06 seconds
Refreshing native plugins compatible for Editor in 0.36 ms, found 1 plugins.
Preloading 0 native plugins for Editor in 0.00 ms.
Unloading 1808 Unused Serialized files (Serialized files now loaded: 0)
System memory in use before: 84.9 MB.
System memory in use after: 84.9 MB.

Unloading 24 unused Assets to reduce memory usage. Loaded Objects now: 2250.
Total: 3.041100 ms (FindLiveObjects: 0.285700 ms CreateObjectMapping: 0.051600 ms MarkObjects: 2.532300 ms  DeleteObjects: 0.169000 ms)

========================================================================
Received Import Request.
  path: Assets/Sprites
  artifactKey: Guid(de43cfcf4322c6c47949455f940b596b) Importer(815301076,1909f56bfc062723c751e8b465ee728b)
Start importing Assets/Sprites using Guid(de43cfcf4322c6c47949455f940b596b) Importer(815301076,1909f56bfc062723c751e8b465ee728b)  -> (artifact id: '09b9d0d2a2dbf14c10d6eec8ddd0ea51') in 0.009841 seconds
  Import took 0.013562 seconds .

========================================================================
Received Import Request.
  Time since last request: 4.335398 seconds.
  path: Assets/Sprites/Player
  artifactKey: Guid(2431708f4c6b063418d66d8d930c2796) Importer(815301076,1909f56bfc062723c751e8b465ee728b)
Start importing Assets/Sprites/Player using Guid(2431708f4c6b063418d66d8d930c2796) Importer(815301076,1909f56bfc062723c751e8b465ee728b)  -> (artifact id: 'cf0e219fbb7b86811ac625104f30de4e') in 0.002188 seconds
  Import took 0.005692 seconds .

========================================================================
Received Import Request.
  Time since last request: 9.880727 seconds.
  path: Assets/Sprites/Enemies
  artifactKey: Guid(eaf7420174155bb46ae7e46772b59034) Importer(815301076,1909f56bfc062723c751e8b465ee728b)
Start importing Assets/Sprites/Enemies using Guid(eaf7420174155bb46ae7e46772b59034) Importer(815301076,1909f56bfc062723c751e8b465ee728b)  -> (artifact id: 'f2b70eb36509eb75ebb403589073b1af') in 0.008373 seconds
  Import took 0.015260 seconds .

========================================================================
Received Import Request.
  Time since last request: 174.185687 seconds.
  path: Assets/Sprites/Background
  artifactKey: Guid(9c5b416c5ae8bdd4aaa9cc3d1155b88e) Importer(815301076,1909f56bfc062723c751e8b465ee728b)
Start importing Assets/Sprites/Background using Guid(9c5b416c5ae8bdd4aaa9cc3d1155b88e) Importer(815301076,1909f56bfc062723c751e8b465ee728b)  -> (artifact id: '54fc36cd452a7853e1699fc85bbb90a8') in 0.008005 seconds
  Import took 0.025908 seconds .

========================================================================
Received Import Request.
  Time since last request: 218.500022 seconds.
  path: Assets/Sprites/Background/Green.jpg
  artifactKey: Guid(7342caa932c00f3418c1a5332faf5fc9) Importer(815301076,1909f56bfc062723c751e8b465ee728b)
Start importing Assets/Sprites/Background/Green.jpg using Guid(7342caa932c00f3418c1a5332faf5fc9) Importer(815301076,1909f56bfc062723c751e8b465ee728b)  -> (artifact id: 'dccc60cac3705bc4084cf9159db9106a') in 0.121376 seconds
  Import took 0.124444 seconds .

========================================================================
Received Import Request.
  Time since last request: 185.595518 seconds.
  path: Assets/Sprites/Background/Green.jpg
  artifactKey: Guid(7342caa932c00f3418c1a5332faf5fc9) Importer(815301076,1909f56bfc062723c751e8b465ee728b)
Start importing Assets/Sprites/Background/Green.jpg using Guid(7342caa932c00f3418c1a5332faf5fc9) Importer(815301076,1909f56bfc062723c751e8b465ee728b)  -> (artifact id: 'de24cda22a15f2a83c9bf3caaf81ecad') in 0.021655 seconds
  Import took 0.025991 seconds .

========================================================================
Received Import Request.
  Time since last request: 44.376942 seconds.
  path: Assets/Sprites/Background/Green.jpg
  artifactKey: Guid(7342caa932c00f3418c1a5332faf5fc9) Importer(815301076,1909f56bfc062723c751e8b465ee728b)
Start importing Assets/Sprites/Background/Green.jpg using Guid(7342caa932c00f3418c1a5332faf5fc9) Importer(815301076,1909f56bfc062723c751e8b465ee728b)  -> (artifact id: '32a964d8892b96adc190526be63b3a83') in 0.032132 seconds
  Import took 0.036131 seconds .

========================================================================
Received Import Request.
  Time since last request: 28.818729 seconds.
  path: Assets/Sprites/Background/Green.jpg
  artifactKey: Guid(7342caa932c00f3418c1a5332faf5fc9) Importer(815301076,1909f56bfc062723c751e8b465ee728b)
Start importing Assets/Sprites/Background/Green.jpg using Guid(7342caa932c00f3418c1a5332faf5fc9) Importer(815301076,1909f56bfc062723c751e8b465ee728b)  -> (artifact id: 'ca880039abf2283e9257e0ad278d770b') in 0.020102 seconds
  Import took 0.023311 seconds .

========================================================================
Received Import Request.
  Time since last request: 11.765134 seconds.
  path: Assets/Sprites/Background/Green.jpg
  artifactKey: Guid(7342caa932c00f3418c1a5332faf5fc9) Importer(815301076,1909f56bfc062723c751e8b465ee728b)
Start importing Assets/Sprites/Background/Green.jpg using Guid(7342caa932c00f3418c1a5332faf5fc9) Importer(815301076,1909f56bfc062723c751e8b465ee728b)  -> (artifact id: '3dbaedec9307a6dd6629cfc7fb52821b') in 0.027119 seconds
  Import took 0.031453 seconds .

========================================================================
Received Import Request.
  Time since last request: 103.981780 seconds.
  path: Assets/Sprites/Background/Green.jpg
  artifactKey: Guid(7342caa932c00f3418c1a5332faf5fc9) Importer(815301076,1909f56bfc062723c751e8b465ee728b)
Start importing Assets/Sprites/Background/Green.jpg using Guid(7342caa932c00f3418c1a5332faf5fc9) Importer(815301076,1909f56bfc062723c751e8b465ee728b)  -> (artifact id: 'ae617ef8087f08911ddfda5af3809e2b') in 0.026057 seconds
  Import took 0.029362 seconds .

========================================================================
Received Import Request.
  Time since last request: 218.770575 seconds.
  path: Assets/Sprites/Background/Green.jpg
  artifactKey: Guid(7342caa932c00f3418c1a5332faf5fc9) Importer(815301076,1909f56bfc062723c751e8b465ee728b)
Start importing Assets/Sprites/Background/Green.jpg using Guid(7342caa932c00f3418c1a5332faf5fc9) Importer(815301076,1909f56bfc062723c751e8b465ee728b)  -> (artifact id: 'eaac00dbd1c5e03fa6bee925842eeff4') in 0.017030 seconds
  Import took 0.021662 seconds .

========================================================================
Received Import Request.
  Time since last request: 9.409203 seconds.
  path: Assets/Sprites/Background/Green.jpg
  artifactKey: Guid(7342caa932c00f3418c1a5332faf5fc9) Importer(815301076,1909f56bfc062723c751e8b465ee728b)
Start importing Assets/Sprites/Background/Green.jpg using Guid(7342caa932c00f3418c1a5332faf5fc9) Importer(815301076,1909f56bfc062723c751e8b465ee728b)  -> (artifact id: '87270a77914201bbb58fbc91e9464e69') in 0.017964 seconds
  Import took 0.021362 seconds .

========================================================================
Received Import Request.
  Time since last request: 7.594153 seconds.
  path: Assets/Sprites/Background/Green.jpg
  artifactKey: Guid(7342caa932c00f3418c1a5332faf5fc9) Importer(815301076,1909f56bfc062723c751e8b465ee728b)
Start importing Assets/Sprites/Background/Green.jpg using Guid(7342caa932c00f3418c1a5332faf5fc9) Importer(815301076,1909f56bfc062723c751e8b465ee728b)  -> (artifact id: 'c74392d47eee8d0dd73e8c5a0a187435') in 0.027498 seconds
  Import took 0.031687 seconds .

========================================================================
Received Import Request.
  Time since last request: 15.833174 seconds.
  path: Assets/Sprites/Background/Green.jpg
  artifactKey: Guid(7342caa932c00f3418c1a5332faf5fc9) Importer(815301076,1909f56bfc062723c751e8b465ee728b)
Start importing Assets/Sprites/Background/Green.jpg using Guid(7342caa932c00f3418c1a5332faf5fc9) Importer(815301076,1909f56bfc062723c751e8b465ee728b)  -> (artifact id: '6c8ec7be95ab492e4ce4bd7a3b4a4463') in 0.018530 seconds
  Import took 0.021676 seconds .

========================================================================
Received Import Request.
  Time since last request: 31.215825 seconds.
  path: Assets/Sprites/Background/Green.jpg
  artifactKey: Guid(7342caa932c00f3418c1a5332faf5fc9) Importer(815301076,1909f56bfc062723c751e8b465ee728b)
Start importing Assets/Sprites/Background/Green.jpg using Guid(7342caa932c00f3418c1a5332faf5fc9) Importer(815301076,1909f56bfc062723c751e8b465ee728b)  -> (artifact id: '4196bef3f0feda131b0e608b07bf97c6') in 0.018410 seconds
  Import took 0.021907 seconds .

========================================================================
Received Import Request.
  Time since last request: 21.975517 seconds.
  path: Assets/Sprites/Background/Green.jpg
  artifactKey: Guid(7342caa932c00f3418c1a5332faf5fc9) Importer(815301076,1909f56bfc062723c751e8b465ee728b)
Start importing Assets/Sprites/Background/Green.jpg using Guid(7342caa932c00f3418c1a5332faf5fc9) Importer(815301076,1909f56bfc062723c751e8b465ee728b)  -> (artifact id: 'c12a3ef25ae7fddd50cc138b1c885a61') in 0.014930 seconds
  Import took 0.019442 seconds .

========================================================================
Received Import Request.
  Time since last request: 22.355910 seconds.
  path: Assets/Sprites/Background/Green.jpg
  artifactKey: Guid(7342caa932c00f3418c1a5332faf5fc9) Importer(815301076,1909f56bfc062723c751e8b465ee728b)
Start importing Assets/Sprites/Background/Green.jpg using Guid(7342caa932c00f3418c1a5332faf5fc9) Importer(815301076,1909f56bfc062723c751e8b465ee728b)  -> (artifact id: '50c9b6363d99a145be800e4c7beccea4') in 0.020418 seconds
  Import took 0.024275 seconds .

========================================================================
Received Import Request.
  Time since last request: 13.272838 seconds.
  path: Assets/Sprites/Background/Ice.png
  artifactKey: Guid(9a4640101f748604b8dded0b6a39b7bb) Importer(815301076,1909f56bfc062723c751e8b465ee728b)
Start importing Assets/Sprites/Background/Ice.png using Guid(9a4640101f748604b8dded0b6a39b7bb) Importer(815301076,1909f56bfc062723c751e8b465ee728b)  -> (artifact id: 'ed7f6f9e925b385078df57c6892f5386') in 0.022637 seconds
  Import took 0.026250 seconds .

========================================================================
Received Import Request.
  Time since last request: 3.675938 seconds.
  path: Assets/Sprites/Background/Ice.png
  artifactKey: Guid(9a4640101f748604b8dded0b6a39b7bb) Importer(815301076,1909f56bfc062723c751e8b465ee728b)
Start importing Assets/Sprites/Background/Ice.png using Guid(9a4640101f748604b8dded0b6a39b7bb) Importer(815301076,1909f56bfc062723c751e8b465ee728b)  -> (artifact id: '6c446debba54875a43afc135979f4f5e') in 0.018845 seconds
  Import took 0.023654 seconds .

========================================================================
Received Import Request.
  Time since last request: 6.586782 seconds.
  path: Assets/Sprites/Background/Green.jpg
  artifactKey: Guid(7342caa932c00f3418c1a5332faf5fc9) Importer(815301076,1909f56bfc062723c751e8b465ee728b)
Start importing Assets/Sprites/Background/Green.jpg using Guid(7342caa932c00f3418c1a5332faf5fc9) Importer(815301076,1909f56bfc062723c751e8b465ee728b)  -> (artifact id: '736f14b7c4e6d0e86dac643819045081') in 0.020574 seconds
  Import took 0.023706 seconds .

========================================================================
Received Import Request.
  Time since last request: 5.758816 seconds.
  path: Assets/Sprites/Background/Green.jpg
  artifactKey: Guid(7342caa932c00f3418c1a5332faf5fc9) Importer(815301076,1909f56bfc062723c751e8b465ee728b)
Start importing Assets/Sprites/Background/Green.jpg using Guid(7342caa932c00f3418c1a5332faf5fc9) Importer(815301076,1909f56bfc062723c751e8b465ee728b)  -> (artifact id: '57e0510012330259180cb8bc417c84e7') in 0.019835 seconds
  Import took 0.023193 seconds .

========================================================================
Received Import Request.
  Time since last request: 69.190711 seconds.
  path: Assets/Sprites/Background/Green.jpg
  artifactKey: Guid(7342caa932c00f3418c1a5332faf5fc9) Importer(815301076,1909f56bfc062723c751e8b465ee728b)
Start importing Assets/Sprites/Background/Green.jpg using Guid(7342caa932c00f3418c1a5332faf5fc9) Importer(815301076,1909f56bfc062723c751e8b465ee728b)  -> (artifact id: 'd2af440b9a70c6684ed285bdadd5805d') in 0.021101 seconds
  Import took 0.024651 seconds .

========================================================================
Received Import Request.
  Time since last request: 113.927234 seconds.
  path: Assets/Sprites/Background/Green.jpg
  artifactKey: Guid(7342caa932c00f3418c1a5332faf5fc9) Importer(815301076,1909f56bfc062723c751e8b465ee728b)
Start importing Assets/Sprites/Background/Green.jpg using Guid(7342caa932c00f3418c1a5332faf5fc9) Importer(815301076,1909f56bfc062723c751e8b465ee728b)  -> (artifact id: '8d7cbb2b14da25553fd8b638ccfda7ef') in 0.025356 seconds
  Import took 0.028518 seconds .

========================================================================
Received Import Request.
  Time since last request: 2.883355 seconds.
  path: Assets/Sprites/Background/Green.jpg
  artifactKey: Guid(7342caa932c00f3418c1a5332faf5fc9) Importer(815301076,1909f56bfc062723c751e8b465ee728b)
Start importing Assets/Sprites/Background/Green.jpg using Guid(7342caa932c00f3418c1a5332faf5fc9) Importer(815301076,1909f56bfc062723c751e8b465ee728b)  -> (artifact id: '9bed4298325396e05f9b0ce066cf1209') in 0.025746 seconds
  Import took 0.029621 seconds .

========================================================================
Received Import Request.
  Time since last request: 2.787653 seconds.
  path: Assets/Sprites/Background/Green.jpg
  artifactKey: Guid(7342caa932c00f3418c1a5332faf5fc9) Importer(815301076,1909f56bfc062723c751e8b465ee728b)
Start importing Assets/Sprites/Background/Green.jpg using Guid(7342caa932c00f3418c1a5332faf5fc9) Importer(815301076,1909f56bfc062723c751e8b465ee728b)  -> (artifact id: 'a907c023aa5f9c566e181972bfc89322') in 0.022658 seconds
  Import took 0.026195 seconds .

========================================================================
Received Import Request.
  Time since last request: 6.571702 seconds.
  path: Assets/Sprites/Background/Green.jpg
  artifactKey: Guid(7342caa932c00f3418c1a5332faf5fc9) Importer(815301076,1909f56bfc062723c751e8b465ee728b)
Start importing Assets/Sprites/Background/Green.jpg using Guid(7342caa932c00f3418c1a5332faf5fc9) Importer(815301076,1909f56bfc062723c751e8b465ee728b)  -> (artifact id: '816693975033cda0d94df8c7eda26f7f') in 0.025917 seconds
  Import took 0.029092 seconds .

========================================================================
Received Import Request.
  Time since last request: 201.095506 seconds.
  path: Assets/Sprites/Player/tan-001.png
  artifactKey: Guid(38302e62f44d40e4fb30a1e609bdfd89) Importer(815301076,1909f56bfc062723c751e8b465ee728b)
Start importing Assets/Sprites/Player/tan-001.png using Guid(38302e62f44d40e4fb30a1e609bdfd89) Importer(815301076,1909f56bfc062723c751e8b465ee728b)  -> (artifact id: '67980a9f991844af144d73c1c098e4a6') in 0.023983 seconds
  Import took 0.027269 seconds .

========================================================================
Received Import Request.
  Time since last request: 25.398581 seconds.
  path: Assets/Sprites/Player/tan-002.png
  artifactKey: Guid(eab8047e9bccc79499f01aa9e052cfd3) Importer(815301076,1909f56bfc062723c751e8b465ee728b)
Start importing Assets/Sprites/Player/tan-002.png using Guid(eab8047e9bccc79499f01aa9e052cfd3) Importer(815301076,1909f56bfc062723c751e8b465ee728b)  -> (artifact id: '4a84579e2c3d4ace6358230a3684c7db') in 0.021816 seconds
  Import took 0.025700 seconds .

========================================================================
Received Import Request.
  Time since last request: 0.800818 seconds.
  path: Assets/Sprites/Player/tan-003.png
  artifactKey: Guid(0558f89a72359684798cb80b50340f56) Importer(815301076,1909f56bfc062723c751e8b465ee728b)
Start importing Assets/Sprites/Player/tan-003.png using Guid(0558f89a72359684798cb80b50340f56) Importer(815301076,1909f56bfc062723c751e8b465ee728b)  -> (artifact id: '70ebf15fa73350630b0675d5c27a1925') in 0.020859 seconds
  Import took 0.024362 seconds .

========================================================================
Received Import Request.
  Time since last request: 1.319547 seconds.
  path: Assets/Sprites/Player/tan-004.png
  artifactKey: Guid(238b5e5332e987c45992ef22a3bbdbb0) Importer(815301076,1909f56bfc062723c751e8b465ee728b)
Start importing Assets/Sprites/Player/tan-004.png using Guid(238b5e5332e987c45992ef22a3bbdbb0) Importer(815301076,1909f56bfc062723c751e8b465ee728b)  -> (artifact id: '5c51d2224c75d73345494f29082389b2') in 0.025139 seconds
  Import took 0.028241 seconds .

========================================================================
Received Import Request.
  Time since last request: 114.010075 seconds.
  path: Assets/Sprites/Player/PC Computer - MapleStory - Green Cornian Morph.png
  artifactKey: Guid(8bfba1ab37a69764e93c2b26b1c7c0e7) Importer(815301076,1909f56bfc062723c751e8b465ee728b)
Start importing Assets/Sprites/Player/PC Computer - MapleStory - Green Cornian Morph.png using Guid(8bfba1ab37a69764e93c2b26b1c7c0e7) Importer(815301076,1909f56bfc062723c751e8b465ee728b)  -> (artifact id: 'c1fe257e77333fa0b0f2d1404993f566') in 0.028962 seconds
  Import took 0.032108 seconds .

========================================================================
Received Import Request.
  Time since last request: 54.492659 seconds.
  path: Assets/Sprites/Player/PC Computer - MapleStory - Green Cornian Morph.png
  artifactKey: Guid(8bfba1ab37a69764e93c2b26b1c7c0e7) Importer(815301076,1909f56bfc062723c751e8b465ee728b)
Start importing Assets/Sprites/Player/PC Computer - MapleStory - Green Cornian Morph.png using Guid(8bfba1ab37a69764e93c2b26b1c7c0e7) Importer(815301076,1909f56bfc062723c751e8b465ee728b)  -> (artifact id: 'bd06bd8bf953d749929953d2673ffd8d') in 0.016451 seconds
  Import took 0.019990 seconds .

========================================================================
Received Import Request.
  Time since last request: 24.847184 seconds.
  path: Assets/Sprites/Player/PC Computer - MapleStory - Green Cornian Morph.png
  artifactKey: Guid(8bfba1ab37a69764e93c2b26b1c7c0e7) Importer(815301076,1909f56bfc062723c751e8b465ee728b)
Start importing Assets/Sprites/Player/PC Computer - MapleStory - Green Cornian Morph.png using Guid(8bfba1ab37a69764e93c2b26b1c7c0e7) Importer(815301076,1909f56bfc062723c751e8b465ee728b)  -> (artifact id: '79d08a1b303101574962bcff14501762') in 0.151255 seconds
  Import took 0.156869 seconds .

========================================================================
Received Import Request.
  Time since last request: 116.681687 seconds.
  path: Assets/Sprites/Player/PC Computer - MapleStory - Green Cornian Morph.png
  artifactKey: Guid(8bfba1ab37a69764e93c2b26b1c7c0e7) Importer(815301076,1909f56bfc062723c751e8b465ee728b)
Start importing Assets/Sprites/Player/PC Computer - MapleStory - Green Cornian Morph.png using Guid(8bfba1ab37a69764e93c2b26b1c7c0e7) Importer(815301076,1909f56bfc062723c751e8b465ee728b)  -> (artifact id: '78b4b68bab804e74506d81871524b819') in 0.127167 seconds
  Import took 0.143912 seconds .

========================================================================
Received Import Request.
  Time since last request: 19.905117 seconds.
  path: Assets/Sprites/Player/Main_Player.png
  artifactKey: Guid(8bfba1ab37a69764e93c2b26b1c7c0e7) Importer(815301076,1909f56bfc062723c751e8b465ee728b)
Start importing Assets/Sprites/Player/Main_Player.png using Guid(8bfba1ab37a69764e93c2b26b1c7c0e7) Importer(815301076,1909f56bfc062723c751e8b465ee728b)  -> (artifact id: 'c3455b92d4ae556319321db5e92a6fd4') in 0.120421 seconds
  Import took 0.123767 seconds .

========================================================================
Received Import Request.
  Time since last request: 107.787667 seconds.
  path: Assets/Sprites/Enemies/PC Computer - MapleStory - Barnard Grey Morph.png
  artifactKey: Guid(8ebe4d4af88adf54b892708ad4d8703b) Importer(815301076,1909f56bfc062723c751e8b465ee728b)
Start importing Assets/Sprites/Enemies/PC Computer - MapleStory - Barnard Grey Morph.png using Guid(8ebe4d4af88adf54b892708ad4d8703b) Importer(815301076,1909f56bfc062723c751e8b465ee728b)  -> (artifact id: '3b2a58bf333153426010a658f3abbb12') in 0.037893 seconds
  Import took 0.041626 seconds .

========================================================================
Received Import Request.
  Time since last request: 233.629801 seconds.
  path: ProjectSettings/TagManager.asset
  artifactKey: Guid(00000000000000003000000000000000) Importer(815301076,1909f56bfc062723c751e8b465ee728b)
Start importing ProjectSettings/TagManager.asset using Guid(00000000000000003000000000000000) Importer(815301076,1909f56bfc062723c751e8b465ee728b)  -> (artifact id: '3125bf62d54dbcdd0ce3e4c540a7aa4e') in 0.016645 seconds
  Import took 0.021889 seconds .

========================================================================
Received Import Request.
  Time since last request: 0.001567 seconds.
  path: ProjectSettings/TagManager.asset
  artifactKey: Guid(00000000000000003000000000000000) Importer(815301076,1909f56bfc062723c751e8b465ee728b)
Start importing ProjectSettings/TagManager.asset using Guid(00000000000000003000000000000000) Importer(815301076,1909f56bfc062723c751e8b465ee728b)  -> (artifact id: '3125bf62d54dbcdd0ce3e4c540a7aa4e') in 0.004041 seconds
  Import took 0.007644 seconds .

========================================================================
Received Prepare
Registering precompiled user dll's ...
Registered in 0.000919 seconds.
Begin MonoManager ReloadAssembly
Native extension for WindowsStandalone target not found
Refreshing native plugins compatible for Editor in 0.45 ms, found 1 plugins.
Preloading 0 native plugins for Editor in 0.00 ms.
Invoked RoslynAnalysisRunner static constructor.
RoslynAnalysisRunner will not be running.
RoslynAnalysisRunner has terminated.
Mono: successfully reloaded assembly
- Completed reload, in  1.094 seconds
Platform modules already initialized, skipping
Refreshing native plugins compatible for Editor in 0.58 ms, found 1 plugins.
Preloading 0 native plugins for Editor in 0.00 ms.
Unloading 1803 Unused Serialized files (Serialized files now loaded: 0)
System memory in use before: 88.0 MB.
System memory in use after: 88.0 MB.

Unloading 14 unused Assets to reduce memory usage. Loaded Objects now: 2312.
Total: 2.230400 ms (FindLiveObjects: 0.230000 ms CreateObjectMapping: 0.044100 ms MarkObjects: 1.814200 ms  DeleteObjects: 0.139900 ms)

========================================================================
Received Import Request.
  Time since last request: 366.908135 seconds.
  path: Assets/Sprites/Blocks
  artifactKey: Guid(f1cbcc13faddacc49844bdb53c4d2b2a) Importer(815301076,1909f56bfc062723c751e8b465ee728b)
Start importing Assets/Sprites/Blocks using Guid(f1cbcc13faddacc49844bdb53c4d2b2a) Importer(815301076,1909f56bfc062723c751e8b465ee728b)  -> (artifact id: 'fac45eb45b5c08274ce44c7439c6be85') in 0.012478 seconds
  Import took 0.019461 seconds .

========================================================================
Received Import Request.
  Time since last request: 30.932573 seconds.
  path: Assets/Sprites/Blocks/PC Computer - MapleStory - Coke Town Tiles.png
  artifactKey: Guid(3c582341e90cc4842bcb990de1b4e542) Importer(815301076,1909f56bfc062723c751e8b465ee728b)
Start importing Assets/Sprites/Blocks/PC Computer - MapleStory - Coke Town Tiles.png using Guid(3c582341e90cc4842bcb990de1b4e542) Importer(815301076,1909f56bfc062723c751e8b465ee728b)  -> (artifact id: '852acc94328d1e6774c8d91fc543743b') in 0.067932 seconds
  Import took 0.071929 seconds .

========================================================================
Received Import Request.
  Time since last request: 2.138865 seconds.
  path: Assets/Sprites/Blocks/PC Computer - MapleStory - Dragon Road Tiles.png
  artifactKey: Guid(8a6b97940e3920d46aa187a137ff88bf) Importer(815301076,1909f56bfc062723c751e8b465ee728b)
Start importing Assets/Sprites/Blocks/PC Computer - MapleStory - Dragon Road Tiles.png using Guid(8a6b97940e3920d46aa187a137ff88bf) Importer(815301076,1909f56bfc062723c751e8b465ee728b)  -> (artifact id: '1f15a945be1c9afc6cfac0785c44c119') in 0.024516 seconds
  Import took 0.027617 seconds .

========================================================================
Received Import Request.
  Time since last request: 27.615781 seconds.
  path: Assets/Sprites/Blocks/PC Computer - MapleStory - Dragon Road Tiles.png
  artifactKey: Guid(8a6b97940e3920d46aa187a137ff88bf) Importer(815301076,1909f56bfc062723c751e8b465ee728b)
Start importing Assets/Sprites/Blocks/PC Computer - MapleStory - Dragon Road Tiles.png using Guid(8a6b97940e3920d46aa187a137ff88bf) Importer(815301076,1909f56bfc062723c751e8b465ee728b)  -> (artifact id: 'bd993f66287b0965859bbd534f960bf8') in 0.018479 seconds
  Import took 0.023746 seconds .

========================================================================
Received Import Request.
  Time since last request: 20.718319 seconds.
  path: Assets/Sprites/Blocks/PC Computer - MapleStory - Dragon Road Tiles.png
  artifactKey: Guid(8a6b97940e3920d46aa187a137ff88bf) Importer(815301076,1909f56bfc062723c751e8b465ee728b)
Start importing Assets/Sprites/Blocks/PC Computer - MapleStory - Dragon Road Tiles.png using Guid(8a6b97940e3920d46aa187a137ff88bf) Importer(815301076,1909f56bfc062723c751e8b465ee728b)  -> (artifact id: '37f03deca5023c2d430009ad9c674eb8') in 0.202106 seconds
  Import took 0.205970 seconds .

========================================================================
Received Import Request.
  Time since last request: 75.146769 seconds.
  path: Assets/Sprites/Blocks/PC Computer - MapleStory - Dragon Road Tiles.png
  artifactKey: Guid(8a6b97940e3920d46aa187a137ff88bf) Importer(815301076,1909f56bfc062723c751e8b465ee728b)
Start importing Assets/Sprites/Blocks/PC Computer - MapleStory - Dragon Road Tiles.png using Guid(8a6b97940e3920d46aa187a137ff88bf) Importer(815301076,1909f56bfc062723c751e8b465ee728b)  -> (artifact id: '8381ecb02ce3675f793600d7a8f0bb14') in 0.162703 seconds
  Import took 0.166618 seconds .

========================================================================
Received Import Request.
  Time since last request: 31.459919 seconds.
  path: Assets/Sprites/Blocks/PC Computer - MapleStory - Dragon Road Tiles.png
  artifactKey: Guid(8a6b97940e3920d46aa187a137ff88bf) Importer(815301076,1909f56bfc062723c751e8b465ee728b)
Start importing Assets/Sprites/Blocks/PC Computer - MapleStory - Dragon Road Tiles.png using Guid(8a6b97940e3920d46aa187a137ff88bf) Importer(815301076,1909f56bfc062723c751e8b465ee728b)  -> (artifact id: '8fe0b6924e711e86ecd467cf69192aae') in 0.164160 seconds
  Import took 0.168175 seconds .

========================================================================
Received Import Request.
  Time since last request: 12.710008 seconds.
  path: Assets/Sprites/Blocks/PC Computer - MapleStory - Dragon Road Tiles.png
  artifactKey: Guid(8a6b97940e3920d46aa187a137ff88bf) Importer(815301076,1909f56bfc062723c751e8b465ee728b)
Start importing Assets/Sprites/Blocks/PC Computer - MapleStory - Dragon Road Tiles.png using Guid(8a6b97940e3920d46aa187a137ff88bf) Importer(815301076,1909f56bfc062723c751e8b465ee728b)  -> (artifact id: '4c08a2d45a60c27918d90bb28a5cfb2f') in 0.139702 seconds
  Import took 0.143324 seconds .

========================================================================
Received Prepare
Registering precompiled user dll's ...
Registered in 0.000858 seconds.
Begin MonoManager ReloadAssembly
Native extension for WindowsStandalone target not found
Refreshing native plugins compatible for Editor in 0.56 ms, found 1 plugins.
Preloading 0 native plugins for Editor in 0.00 ms.
Invoked RoslynAnalysisRunner static constructor.
RoslynAnalysisRunner will not be running.
RoslynAnalysisRunner has terminated.
Mono: successfully reloaded assembly
- Completed reload, in  0.972 seconds
Platform modules already initialized, skipping
Refreshing native plugins compatible for Editor in 0.38 ms, found 1 plugins.
Preloading 0 native plugins for Editor in 0.00 ms.
Unloading 1803 Unused Serialized files (Serialized files now loaded: 0)
System memory in use before: 88.2 MB.
System memory in use after: 88.2 MB.

Unloading 12 unused Assets to reduce memory usage. Loaded Objects now: 2373.
Total: 2.286500 ms (FindLiveObjects: 0.205800 ms CreateObjectMapping: 0.042600 ms MarkObjects: 1.923100 ms  DeleteObjects: 0.113800 ms)

========================================================================
Received Import Request.
  Time since last request: 142.176844 seconds.
  path: Assets/Sprites/Blocks/PC Computer - MapleStory - Dragon Road Tiles.png
  artifactKey: Guid(8a6b97940e3920d46aa187a137ff88bf) Importer(815301076,1909f56bfc062723c751e8b465ee728b)
Start importing Assets/Sprites/Blocks/PC Computer - MapleStory - Dragon Road Tiles.png using Guid(8a6b97940e3920d46aa187a137ff88bf) Importer(815301076,1909f56bfc062723c751e8b465ee728b)  -> (artifact id: 'e5c73267f62cb8c9a32d892b8912ab6a') in 0.225870 seconds
  Import took 0.229430 seconds .

========================================================================
Received Import Request.
  Time since last request: 31.945580 seconds.
  path: Assets/Sprites/Blocks/blocks.png
  artifactKey: Guid(8a6b97940e3920d46aa187a137ff88bf) Importer(815301076,1909f56bfc062723c751e8b465ee728b)
Start importing Assets/Sprites/Blocks/blocks.png using Guid(8a6b97940e3920d46aa187a137ff88bf) Importer(815301076,1909f56bfc062723c751e8b465ee728b)  -> (artifact id: 'ca547e4bbe963d6d4282feffa2e887d6') in 0.132517 seconds
  Import took 0.136247 seconds .

========================================================================
Received Import Request.
  Time since last request: 15.867728 seconds.
  path: Assets/Sprites/Blocks/blocks.png
  artifactKey: Guid(8a6b97940e3920d46aa187a137ff88bf) Importer(815301076,1909f56bfc062723c751e8b465ee728b)
Start importing Assets/Sprites/Blocks/blocks.png using Guid(8a6b97940e3920d46aa187a137ff88bf) Importer(815301076,1909f56bfc062723c751e8b465ee728b)  -> (artifact id: '254880bef86bc53c228bdf0d87b9472c') in 0.129523 seconds
  Import took 0.133049 seconds .

========================================================================
Received Import Request.
  Time since last request: 110.645194 seconds.
  path: Assets/Sprites/Blocks/blocks.png
  artifactKey: Guid(8a6b97940e3920d46aa187a137ff88bf) Importer(815301076,1909f56bfc062723c751e8b465ee728b)
Start importing Assets/Sprites/Blocks/blocks.png using Guid(8a6b97940e3920d46aa187a137ff88bf) Importer(815301076,1909f56bfc062723c751e8b465ee728b)  -> (artifact id: '9f462d87466fee314795842c0ab8b15f') in 0.128172 seconds
  Import took 0.131684 seconds .

========================================================================
Received Prepare
Registering precompiled user dll's ...
Registered in 0.001520 seconds.
Begin MonoManager ReloadAssembly
Native extension for WindowsStandalone target not found
Refreshing native plugins compatible for Editor in 0.49 ms, found 1 plugins.
Preloading 0 native plugins for Editor in 0.00 ms.
Invoked RoslynAnalysisRunner static constructor.
RoslynAnalysisRunner will not be running.
RoslynAnalysisRunner has terminated.
Mono: successfully reloaded assembly
- Completed reload, in  1.638 seconds
Platform modules already initialized, skipping
Refreshing native plugins compatible for Editor in 0.43 ms, found 1 plugins.
Preloading 0 native plugins for Editor in 0.00 ms.
Unloading 1803 Unused Serialized files (Serialized files now loaded: 0)
System memory in use before: 88.2 MB.
System memory in use after: 88.2 MB.

Unloading 12 unused Assets to reduce memory usage. Loaded Objects now: 2378.
Total: 7.633300 ms (FindLiveObjects: 1.060600 ms CreateObjectMapping: 0.219900 ms MarkObjects: 6.128500 ms  DeleteObjects: 0.222300 ms)

========================================================================
Received Prepare
Registering precompiled user dll's ...
Registered in 0.000846 seconds.
Begin MonoManager ReloadAssembly
Native extension for WindowsStandalone target not found
Refreshing native plugins compatible for Editor in 0.37 ms, found 1 plugins.
Preloading 0 native plugins for Editor in 0.00 ms.
Invoked RoslynAnalysisRunner static constructor.
RoslynAnalysisRunner will not be running.
RoslynAnalysisRunner has terminated.
Mono: successfully reloaded assembly
- Completed reload, in  1.059 seconds
Platform modules already initialized, skipping
Refreshing native plugins compatible for Editor in 0.34 ms, found 1 plugins.
Preloading 0 native plugins for Editor in 0.00 ms.
Unloading 1803 Unused Serialized files (Serialized files now loaded: 0)
System memory in use before: 88.2 MB.
System memory in use after: 88.2 MB.

Unloading 12 unused Assets to reduce memory usage. Loaded Objects now: 2382.
Total: 3.923000 ms (FindLiveObjects: 0.391800 ms CreateObjectMapping: 0.067400 ms MarkObjects: 3.242700 ms  DeleteObjects: 0.218700 ms)

========================================================================
Received Prepare
Registering precompiled user dll's ...
Registered in 0.000875 seconds.
Begin MonoManager ReloadAssembly
Native extension for WindowsStandalone target not found
Refreshing native plugins compatible for Editor in 0.44 ms, found 1 plugins.
Preloading 0 native plugins for Editor in 0.00 ms.
Invoked RoslynAnalysisRunner static constructor.
RoslynAnalysisRunner will not be running.
RoslynAnalysisRunner has terminated.
Mono: successfully reloaded assembly
- Completed reload, in  1.054 seconds
Platform modules already initialized, skipping
Refreshing native plugins compatible for Editor in 0.35 ms, found 1 plugins.
Preloading 0 native plugins for Editor in 0.00 ms.
Unloading 1803 Unused Serialized files (Serialized files now loaded: 0)
System memory in use before: 88.2 MB.
System memory in use after: 88.2 MB.

Unloading 12 unused Assets to reduce memory usage. Loaded Objects now: 2386.
Total: 2.909600 ms (FindLiveObjects: 0.372100 ms CreateObjectMapping: 0.102600 ms MarkObjects: 2.302200 ms  DeleteObjects: 0.131100 ms)

========================================================================
Received Prepare
Registering precompiled user dll's ...
Registered in 0.000846 seconds.
Begin MonoManager ReloadAssembly
Native extension for WindowsStandalone target not found
Refreshing native plugins compatible for Editor in 0.37 ms, found 1 plugins.
Preloading 0 native plugins for Editor in 0.00 ms.
Invoked RoslynAnalysisRunner static constructor.
RoslynAnalysisRunner will not be running.
RoslynAnalysisRunner has terminated.
Mono: successfully reloaded assembly
- Completed reload, in  1.071 seconds
Platform modules already initialized, skipping
Refreshing native plugins compatible for Editor in 0.36 ms, found 1 plugins.
Preloading 0 native plugins for Editor in 0.00 ms.
Unloading 1803 Unused Serialized files (Serialized files now loaded: 0)
System memory in use before: 88.3 MB.
System memory in use after: 88.2 MB.

Unloading 12 unused Assets to reduce memory usage. Loaded Objects now: 2390.
Total: 5.317900 ms (FindLiveObjects: 1.627000 ms CreateObjectMapping: 0.405300 ms MarkObjects: 3.140300 ms  DeleteObjects: 0.138300 ms)

========================================================================
Received Prepare
Registering precompiled user dll's ...
Registered in 0.000961 seconds.
Begin MonoManager ReloadAssembly
Native extension for WindowsStandalone target not found
Refreshing native plugins compatible for Editor in 0.36 ms, found 1 plugins.
Preloading 0 native plugins for Editor in 0.00 ms.
Invoked RoslynAnalysisRunner static constructor.
RoslynAnalysisRunner will not be running.
RoslynAnalysisRunner has terminated.
Mono: successfully reloaded assembly
- Completed reload, in  1.037 seconds
Platform modules already initialized, skipping
Refreshing native plugins compatible for Editor in 0.35 ms, found 1 plugins.
Preloading 0 native plugins for Editor in 0.00 ms.
Unloading 1803 Unused Serialized files (Serialized files now loaded: 0)
System memory in use before: 88.3 MB.
System memory in use after: 88.2 MB.

Unloading 12 unused Assets to reduce memory usage. Loaded Objects now: 2394.
Total: 2.337500 ms (FindLiveObjects: 0.277500 ms CreateObjectMapping: 0.045800 ms MarkObjects: 1.882500 ms  DeleteObjects: 0.129300 ms)

========================================================================
Received Prepare
Registering precompiled user dll's ...
Registered in 0.002102 seconds.
Begin MonoManager ReloadAssembly
Native extension for WindowsStandalone target not found
Refreshing native plugins compatible for Editor in 0.35 ms, found 1 plugins.
Preloading 0 native plugins for Editor in 0.00 ms.
Invoked RoslynAnalysisRunner static constructor.
RoslynAnalysisRunner will not be running.
RoslynAnalysisRunner has terminated.
Mono: successfully reloaded assembly
- Completed reload, in  1.025 seconds
Platform modules already initialized, skipping
Refreshing native plugins compatible for Editor in 0.37 ms, found 1 plugins.
Preloading 0 native plugins for Editor in 0.00 ms.
Unloading 1803 Unused Serialized files (Serialized files now loaded: 0)
System memory in use before: 88.3 MB.
System memory in use after: 88.3 MB.

Unloading 12 unused Assets to reduce memory usage. Loaded Objects now: 2398.
Total: 2.395000 ms (FindLiveObjects: 0.212300 ms CreateObjectMapping: 0.046200 ms MarkObjects: 2.004800 ms  DeleteObjects: 0.130300 ms)

========================================================================
Received Import Request.
  Time since last request: 4593.384103 seconds.
  path: Assets/blocks.anim
  artifactKey: Guid(f911d409fdcb95d458a7765d73f2d5d0) Importer(815301076,1909f56bfc062723c751e8b465ee728b)
Start importing Assets/blocks.anim using Guid(f911d409fdcb95d458a7765d73f2d5d0) Importer(815301076,1909f56bfc062723c751e8b465ee728b)  -> (artifact id: '9d7d215fad33548badfbd96d3066de77') in 0.021775 seconds
  Import took 0.025788 seconds .

========================================================================
Received Import Request.
  Time since last request: 0.015368 seconds.
  path: Assets/blocks.anim
  artifactKey: Guid(f911d409fdcb95d458a7765d73f2d5d0) Importer(815301076,1909f56bfc062723c751e8b465ee728b)
Start importing Assets/blocks.anim using Guid(f911d409fdcb95d458a7765d73f2d5d0) Importer(815301076,1909f56bfc062723c751e8b465ee728b)  -> (artifact id: '9d7d215fad33548badfbd96d3066de77') in 0.005520 seconds
  Import took 0.010377 seconds .

========================================================================
Received Import Request.
  Time since last request: 2.624984 seconds.
  path: Assets/PC Computer - MapleStory - Dragon Road Tiles_0.controller
  artifactKey: Guid(223c7aa1e3e763e45836cc852ef205b7) Importer(815301076,1909f56bfc062723c751e8b465ee728b)
Start importing Assets/PC Computer - MapleStory - Dragon Road Tiles_0.controller using Guid(223c7aa1e3e763e45836cc852ef205b7) Importer(815301076,1909f56bfc062723c751e8b465ee728b)  -> (artifact id: 'acdaf1281327285a8f44e9ad85b2567a') in 0.014401 seconds
  Import took 0.018630 seconds .

========================================================================
Received Prepare
Registering precompiled user dll's ...
Registered in 0.000967 seconds.
Begin MonoManager ReloadAssembly
Native extension for WindowsStandalone target not found
Refreshing native plugins compatible for Editor in 0.46 ms, found 1 plugins.
Preloading 0 native plugins for Editor in 0.00 ms.
Invoked RoslynAnalysisRunner static constructor.
RoslynAnalysisRunner will not be running.
RoslynAnalysisRunner has terminated.
Mono: successfully reloaded assembly
- Completed reload, in  1.158 seconds
Platform modules already initialized, skipping
Refreshing native plugins compatible for Editor in 0.35 ms, found 1 plugins.
Preloading 0 native plugins for Editor in 0.00 ms.
Unloading 1803 Unused Serialized files (Serialized files now loaded: 0)
System memory in use before: 88.3 MB.
System memory in use after: 88.3 MB.

Unloading 12 unused Assets to reduce memory usage. Loaded Objects now: 2402.
Total: 2.225900 ms (FindLiveObjects: 0.226500 ms CreateObjectMapping: 0.044700 ms MarkObjects: 1.823900 ms  DeleteObjects: 0.129400 ms)

========================================================================
Received Prepare
Registering precompiled user dll's ...
Registered in 0.000865 seconds.
Begin MonoManager ReloadAssembly
Native extension for WindowsStandalone target not found
Refreshing native plugins compatible for Editor in 0.46 ms, found 1 plugins.
Preloading 0 native plugins for Editor in 0.00 ms.
Invoked RoslynAnalysisRunner static constructor.
RoslynAnalysisRunner will not be running.
RoslynAnalysisRunner has terminated.
Mono: successfully reloaded assembly
- Completed reload, in  1.094 seconds
Platform modules already initialized, skipping
Refreshing native plugins compatible for Editor in 0.35 ms, found 1 plugins.
Preloading 0 native plugins for Editor in 0.00 ms.
Unloading 1803 Unused Serialized files (Serialized files now loaded: 0)
System memory in use before: 88.3 MB.
System memory in use after: 88.3 MB.

Unloading 12 unused Assets to reduce memory usage. Loaded Objects now: 2406.
Total: 2.743200 ms (FindLiveObjects: 0.273400 ms CreateObjectMapping: 0.053000 ms MarkObjects: 2.056300 ms  DeleteObjects: 0.357900 ms)

========================================================================
Received Prepare
Registering precompiled user dll's ...
Registered in 0.001324 seconds.
Begin MonoManager ReloadAssembly
Native extension for WindowsStandalone target not found
Refreshing native plugins compatible for Editor in 0.55 ms, found 1 plugins.
Preloading 0 native plugins for Editor in 0.00 ms.
Invoked RoslynAnalysisRunner static constructor.
RoslynAnalysisRunner will not be running.
RoslynAnalysisRunner has terminated.
Mono: successfully reloaded assembly
- Completed reload, in  1.596 seconds
Platform modules already initialized, skipping
Refreshing native plugins compatible for Editor in 0.86 ms, found 1 plugins.
Preloading 0 native plugins for Editor in 0.00 ms.
Unloading 1803 Unused Serialized files (Serialized files now loaded: 0)
System memory in use before: 88.3 MB.
System memory in use after: 88.3 MB.

Unloading 12 unused Assets to reduce memory usage. Loaded Objects now: 2410.
Total: 3.673700 ms (FindLiveObjects: 0.310300 ms CreateObjectMapping: 0.119500 ms MarkObjects: 3.063000 ms  DeleteObjects: 0.178000 ms)

========================================================================
Received Prepare
Registering precompiled user dll's ...
Registered in 0.000848 seconds.
Begin MonoManager ReloadAssembly
Native extension for WindowsStandalone target not found
Refreshing native plugins compatible for Editor in 0.59 ms, found 1 plugins.
Preloading 0 native plugins for Editor in 0.00 ms.
Invoked RoslynAnalysisRunner static constructor.
RoslynAnalysisRunner will not be running.
RoslynAnalysisRunner has terminated.
Mono: successfully reloaded assembly
- Completed reload, in  1.058 seconds
Platform modules already initialized, skipping
Refreshing native plugins compatible for Editor in 0.71 ms, found 1 plugins.
Preloading 0 native plugins for Editor in 0.00 ms.
Unloading 1803 Unused Serialized files (Serialized files now loaded: 0)
System memory in use before: 88.3 MB.
System memory in use after: 88.3 MB.

Unloading 12 unused Assets to reduce memory usage. Loaded Objects now: 2414.
Total: 2.362500 ms (FindLiveObjects: 0.212800 ms CreateObjectMapping: 0.044800 ms MarkObjects: 1.965500 ms  DeleteObjects: 0.137800 ms)

========================================================================
Received Prepare
Registering precompiled user dll's ...
Registered in 0.001016 seconds.
Begin MonoManager ReloadAssembly
Native extension for WindowsStandalone target not found
Refreshing native plugins compatible for Editor in 0.39 ms, found 1 plugins.
Preloading 0 native plugins for Editor in 0.00 ms.
Invoked RoslynAnalysisRunner static constructor.
RoslynAnalysisRunner will not be running.
RoslynAnalysisRunner has terminated.
Mono: successfully reloaded assembly
- Completed reload, in  1.031 seconds
Platform modules already initialized, skipping
Refreshing native plugins compatible for Editor in 0.35 ms, found 1 plugins.
Preloading 0 native plugins for Editor in 0.00 ms.
Unloading 1803 Unused Serialized files (Serialized files now loaded: 0)
System memory in use before: 88.3 MB.
System memory in use after: 88.3 MB.

Unloading 12 unused Assets to reduce memory usage. Loaded Objects now: 2418.
Total: 3.596200 ms (FindLiveObjects: 0.230800 ms CreateObjectMapping: 0.044800 ms MarkObjects: 3.114000 ms  DeleteObjects: 0.205000 ms)

========================================================================
Received Prepare
Registering precompiled user dll's ...
Registered in 0.000896 seconds.
Begin MonoManager ReloadAssembly
Native extension for WindowsStandalone target not found
Refreshing native plugins compatible for Editor in 0.36 ms, found 1 plugins.
Preloading 0 native plugins for Editor in 0.00 ms.
Invoked RoslynAnalysisRunner static constructor.
RoslynAnalysisRunner will not be running.
RoslynAnalysisRunner has terminated.
Mono: successfully reloaded assembly
- Completed reload, in  1.088 seconds
Platform modules already initialized, skipping
Refreshing native plugins compatible for Editor in 0.51 ms, found 1 plugins.
Preloading 0 native plugins for Editor in 0.00 ms.
Unloading 1803 Unused Serialized files (Serialized files now loaded: 0)
System memory in use before: 88.3 MB.
System memory in use after: 88.3 MB.

Unloading 12 unused Assets to reduce memory usage. Loaded Objects now: 2422.
Total: 4.234000 ms (FindLiveObjects: 0.269300 ms CreateObjectMapping: 0.044600 ms MarkObjects: 3.781500 ms  DeleteObjects: 0.136200 ms)

========================================================================
Received Prepare
Registering precompiled user dll's ...
Registered in 0.000896 seconds.
Begin MonoManager ReloadAssembly
Native extension for WindowsStandalone target not found
Refreshing native plugins compatible for Editor in 0.37 ms, found 1 plugins.
Preloading 0 native plugins for Editor in 0.00 ms.
Invoked RoslynAnalysisRunner static constructor.
RoslynAnalysisRunner will not be running.
RoslynAnalysisRunner has terminated.
Mono: successfully reloaded assembly
- Completed reload, in  1.056 seconds
Platform modules already initialized, skipping
Refreshing native plugins compatible for Editor in 0.36 ms, found 1 plugins.
Preloading 0 native plugins for Editor in 0.00 ms.
Unloading 1803 Unused Serialized files (Serialized files now loaded: 0)
System memory in use before: 88.3 MB.
System memory in use after: 88.3 MB.

Unloading 12 unused Assets to reduce memory usage. Loaded Objects now: 2426.
Total: 2.380900 ms (FindLiveObjects: 0.213900 ms CreateObjectMapping: 0.045600 ms MarkObjects: 1.988800 ms  DeleteObjects: 0.131300 ms)

========================================================================
Received Prepare
Registering precompiled user dll's ...
Registered in 0.001102 seconds.
Begin MonoManager ReloadAssembly
Native extension for WindowsStandalone target not found
Refreshing native plugins compatible for Editor in 0.36 ms, found 1 plugins.
Preloading 0 native plugins for Editor in 0.00 ms.
Invoked RoslynAnalysisRunner static constructor.
RoslynAnalysisRunner will not be running.
RoslynAnalysisRunner has terminated.
Mono: successfully reloaded assembly
- Completed reload, in  1.201 seconds
Platform modules already initialized, skipping
Refreshing native plugins compatible for Editor in 0.34 ms, found 1 plugins.
Preloading 0 native plugins for Editor in 0.00 ms.
Unloading 1803 Unused Serialized files (Serialized files now loaded: 0)
System memory in use before: 88.4 MB.
System memory in use after: 88.3 MB.

Unloading 12 unused Assets to reduce memory usage. Loaded Objects now: 2430.
Total: 2.755400 ms (FindLiveObjects: 0.239900 ms CreateObjectMapping: 0.049200 ms MarkObjects: 2.323400 ms  DeleteObjects: 0.141300 ms)

========================================================================
Received Prepare
Registering precompiled user dll's ...
Registered in 0.000863 seconds.
Begin MonoManager ReloadAssembly
Native extension for WindowsStandalone target not found
Refreshing native plugins compatible for Editor in 0.36 ms, found 1 plugins.
Preloading 0 native plugins for Editor in 0.00 ms.
Invoked RoslynAnalysisRunner static constructor.
RoslynAnalysisRunner will not be running.
RoslynAnalysisRunner has terminated.
Mono: successfully reloaded assembly
- Completed reload, in  1.077 seconds
Platform modules already initialized, skipping
Refreshing native plugins compatible for Editor in 0.36 ms, found 1 plugins.
Preloading 0 native plugins for Editor in 0.00 ms.
Unloading 1803 Unused Serialized files (Serialized files now loaded: 0)
System memory in use before: 88.4 MB.
System memory in use after: 88.3 MB.

Unloading 12 unused Assets to reduce memory usage. Loaded Objects now: 2434.
Total: 2.548700 ms (FindLiveObjects: 0.221200 ms CreateObjectMapping: 0.043800 ms MarkObjects: 2.142600 ms  DeleteObjects: 0.139300 ms)

========================================================================
Received Prepare
Registering precompiled user dll's ...
Registered in 0.000801 seconds.
Begin MonoManager ReloadAssembly
Native extension for WindowsStandalone target not found
Refreshing native plugins compatible for Editor in 0.35 ms, found 1 plugins.
Preloading 0 native plugins for Editor in 0.00 ms.
Invoked RoslynAnalysisRunner static constructor.
RoslynAnalysisRunner will not be running.
RoslynAnalysisRunner has terminated.
Mono: successfully reloaded assembly
- Completed reload, in  1.058 seconds
Platform modules already initialized, skipping
Refreshing native plugins compatible for Editor in 0.35 ms, found 1 plugins.
Preloading 0 native plugins for Editor in 0.00 ms.
Unloading 1803 Unused Serialized files (Serialized files now loaded: 0)
System memory in use before: 88.4 MB.
System memory in use after: 88.4 MB.

Unloading 12 unused Assets to reduce memory usage. Loaded Objects now: 2438.
Total: 2.748600 ms (FindLiveObjects: 0.299900 ms CreateObjectMapping: 0.058500 ms MarkObjects: 2.220500 ms  DeleteObjects: 0.167500 ms)

========================================================================
Received Import Request.
  Time since last request: 1823.817588 seconds.
  path: Assets/MapleStory.unity
  artifactKey: Guid(6791e537688f5094798bf1c037014cce) Importer(815301076,1909f56bfc062723c751e8b465ee728b)
Start importing Assets/MapleStory.unity using Guid(6791e537688f5094798bf1c037014cce) Importer(815301076,1909f56bfc062723c751e8b465ee728b)  -> (artifact id: 'c17051edc4c8f2690150ed6dc49071d8') in 0.017966 seconds
  Import took 0.021143 seconds .

AssetImportWorkerClient::OnTransportError - code=2 error=End of file
